[INFO] gen05.csv -> /root/autodl-tmp/outputs/multi_mix/AAPL/gen05.csv
[INFO] best from gen -> BBreak_n12_k0.86_h11 (family=BBreak, params={'n': 12, 'k': 0.86, 'h': 11})
[INFO] data loaded: train=756 rows, test=250 rows
--------------------------------------------------
[DEBUG] Backtest BBreak n=12, k=0.86, hold=11, commission=0.0005
[INFO] saved -> /root/autodl-tmp/outputs/multi_mix/AAPL/best_trades_train.csv (rows=50)
[INFO] saved -> /root/autodl-tmp/outputs/multi_mix/AAPL/best_positions_train.csv (rows=756)
[INFO] saved -> /root/autodl-tmp/outputs/multi_mix/AAPL/best_equity_train.csv (rows=756)
[INFO] yearly report -> /root/autodl-tmp/outputs/multi_mix/AAPL/yearly_report_train.csv
[INFO] plot saved -> /root/autodl-tmp/outputs/multi_mix/AAPL/best_plot_train.png
[INFO] html saved -> /root/autodl-tmp/outputs/multi_mix/AAPL/best_plot_train.html
[INFO] saved -> /root/autodl-tmp/outputs/multi_mix/AAPL/best_trades_test.csv (rows=20)
[INFO] saved -> /root/autodl-tmp/outputs/multi_mix/AAPL/best_positions_test.csv (rows=250)
[INFO] saved -> /root/autodl-tmp/outputs/multi_mix/AAPL/best_equity_test.csv (rows=250)
[INFO] yearly report -> /root/autodl-tmp/outputs/multi_mix/AAPL/yearly_report_test.csv
[INFO] plot saved -> /root/autodl-tmp/outputs/multi_mix/AAPL/best_plot_test.png
[INFO] html saved -> /root/autodl-tmp/outputs/multi_mix/AAPL/best_plot_test.html
[INFO] side-by-side plot saved -> /root/autodl-tmp/outputs/multi_mix/AAPL/best_plot_side_by_side.png
[INFO] run_params.json saved -> /root/autodl-tmp/outputs/multi_mix/AAPL/run_params.json
/root/miniconda3/envs/eoh1/lib/python3.11/site-packages/transformers/utils/hub.py:110: FutureWarning:

Using `TRANSFORMERS_CACHE` is deprecated and will be removed in v5 of Transformers. Use `HF_HOME` instead.

[INFO] env_summary.txt saved -> /root/autodl-tmp/outputs/multi_mix/AAPL/env_summary.txt
[INFO] best_strategy.py saved -> /root/autodl-tmp/outputs/multi_mix/AAPL/best_strategy.py
[INFO] report appended -> /root/autodl-tmp/outputs/multi_mix/AAPL/REPORT.md
[INFO] report appended -> /root/autodl-tmp/outputs/multi_mix/AAPL/REPORT.md
[INFO] All done for best 'BBreak_n12_k0.86_h11'.
